<?xml version="1.0" encoding="UTF-8"?>
<!-- Generated by org.testng.reporters.JUnitReportReporter -->
<testsuite skipped="2" hostname="ThinkPad-PC" name="com.course.cases.UpdateUserInfoTest" tests="2" failures="0" timestamp="2021-01-25T09:30:55 CST" time="0.000" errors="0">
  <testcase name="updateUserInfo" time="0.000" classname="com.course.cases.UpdateUserInfoTest">
    <skipped/>
  </testcase> <!-- updateUserInfo -->
  <system-out/>
  <testcase name="deleteUserInfo" time="0.000" classname="com.course.cases.UpdateUserInfoTest">
    <skipped/>
  </testcase> <!-- deleteUserInfo -->
  <system-out/>
</testsuite> <!-- com.course.cases.UpdateUserInfoTest -->
